=== pdflatex pass 1 stdout ===
This is pdfTeX, Version 3.141592653-2.6-1.40.25 (MiKTeX 24.1) (preloaded format=pdflatex.fmt)
 restricted \write18 enabled.
entering extended mode
(sebenta_1-generalidades_funcoes.tex
LaTeX2e <2023-11-01> patch level 1
L3 programming layer <2024-01-04>
(C:\Users\diogo\AppData\Local\Programs\MiKTeX\tex/latex/base\article.cls
Document Class: article 2023/05/17 v1.4n Standard LaTeX document class
(C:\Users\diogo\AppData\Local\Programs\MiKTeX\tex/latex/base\size12.clo))
(C:\Users\diogo\AppData\Local\Programs\MiKTeX\tex/latex/base\inputenc.sty)
(C:\Users\diogo\AppData\Local\Programs\MiKTeX\tex/latex/base\fontenc.sty)
(C:\Users\diogo\AppData\Local\Programs\MiKTeX\tex/generic/babel\babel.sty
(C:\Users\diogo\AppData\Local\Programs\MiKTeX\tex/generic/babel\txtbabel.def)
*************************************
* Local config file bblopts.cfg used
*
(C:\Users\diogo\AppData\Local\Programs\MiKTeX\tex/latex/arabi\bblopts.cfg)
(C:\Users\diogo\AppData\Local\Programs\MiKTeX\tex/latex/babel-portuges\portugue
se.ldf))
(C:\Users\diogo\AppData\Local\Programs\MiKTeX\tex/generic/babel/locale/pt\babel
-portuguese.tex)
(C:\Users\diogo\AppData\Local\Programs\MiKTeX\tex/latex/amsmath\amsmath.sty
For additional information on amsmath, use the `?' option.
(C:\Users\diogo\AppData\Local\Programs\MiKTeX\tex/latex/amsmath\amstext.sty
(C:\Users\diogo\AppData\Local\Programs\MiKTeX\tex/latex/amsmath\amsgen.sty))
(C:\Users\diogo\AppData\Local\Programs\MiKTeX\tex/latex/amsmath\amsbsy.sty)
(C:\Users\diogo\AppData\Local\Programs\MiKTeX\tex/latex/amsmath\amsopn.sty))
(C:\Users\diogo\AppData\Local\Programs\MiKTeX\tex/latex/amsfonts\amssymb.sty
(C:\Users\diogo\AppData\Local\Programs\MiKTeX\tex/latex/amsfonts\amsfonts.sty))
 (C:\Users\diogo\AppData\Local\Programs\MiKTeX\tex/latex/geometry\geometry.sty
(C:\Users\diogo\AppData\Local\Programs\MiKTeX\tex/latex/graphics\keyval.sty)
(C:\Users\diogo\AppData\Local\Programs\MiKTeX\tex/generic/iftex\ifvtex.sty
(C:\Users\diogo\AppData\Local\Programs\MiKTeX\tex/generic/iftex\iftex.sty))
(C:\Users\diogo\AppData\Local\Programs\MiKTeX\tex/latex/geometry\geometry.cfg))

(C:\Users\diogo\AppData\Local\Programs\MiKTeX\tex/latex/l3backend\l3backend-pdf
tex.def) (sebenta_1-generalidades_funcoes.aux)
*geometry* driver: auto-detecting
*geometry* detected driver: pdftex
(C:\Users\diogo\AppData\Local\Programs\MiKTeX\tex/latex/amsfonts\umsa.fd)
(C:\Users\diogo\AppData\Local\Programs\MiKTeX\tex/latex/amsfonts\umsb.fd)

LaTeX Warning: No \author given.

(MAT_P4FUNCOE_1GEN_001.tex) [1{C:/Users/diogo/AppData/Local/MiKTeX/fonts/map/pd
ftex/pdftex.map}] (sebenta_1-generalidades_funcoes.aux) ) <C:\Users\diogo\AppDa
ta\Local\MiKTeX\fonts/pk/ljfour/jknappen/ec/dpi600\ecrm1200.pk> <C:\Users\diogo
\AppData\Local\MiKTeX\fonts/pk/ljfour/jknappen/ec/dpi600\ecbx1200.pk>Trying to make PK font ecrm2074 at 600 DPI...
The METFAONT mode is: ljfour
Creating ecrm2074.pk...
Running miktex-mf.exe...
Running miktex-gftopk.exe...
Installing C:\Users\diogo\AppData\Local\MiKTeX\fonts/pk/ljfour/jknappen/ec/dpi600\ecrm2074.pk...
 <C:\Users
\diogo\AppData\Local\MiKTeX\fonts/pk/ljfour/jknappen/ec/dpi600\ecrm2074.pk>
Output written on sebenta_1-generalidades_funcoes.pdf (1 page, 20983 bytes).
Transcript written on sebenta_1-generalidades_funcoes.log.

=== pdflatex pass 1 stderr ===
This is METAFONT, Version 2.71828182 (MiKTeX 24.1)





(C:\Users\diogo\AppData\Local\Programs\MiKTeX\fonts/source/jknappen/ec\ecrm2074

.mf

(C:\Users\diogo\AppData\Local\Programs\MiKTeX\fonts/source/jknappen/ec\exbase.m

f)

(C:\Users\diogo\AppData\Local\Programs\MiKTeX\fonts/source/jknappen/ec\ecrm.mf

(C:\Users\diogo\AppData\Local\Programs\MiKTeX\fonts/source/jknappen/ec\exroman.

mf

 Ok

(C:\Users\diogo\AppData\Local\Programs\MiKTeX\fonts/source/jknappen/ec\exaccess

.mf

 Ok)

(C:\Users\diogo\AppData\Local\Programs\MiKTeX\fonts/source/jknappen/ec\expseudo

.mf

 Ok)

(C:\Users\diogo\AppData\Local\Programs\MiKTeX\fonts/source/jknappen/ec\exruwest

.mf

 Ok [192] [193] [194] [195] [196] [197] [198] [199] [200] [201] [202] [203]

[204] [205] [206] [207] [208] [209] [210] [211] [212] [213] [214] [215]

[216] [217] [218] [219] [220] [221] [222] [223])

(C:\Users\diogo\AppData\Local\Programs\MiKTeX\fonts/source/jknappen/ec\exrlwest

.mf

 Ok [224] [225] [226] [227] [228] [229] [230] [231] [232] [233] [234] [235]

[236] [237] [238] [239] [240] [241] [242] [243] [244] [245] [246] [247]

[248] [249] [250] [251] [252] [253] [254] [255])

(C:\Users\diogo\AppData\Local\Programs\MiKTeX\fonts/source/jknappen/ec\exrueast

.mf

 Ok [128] [129] [130] [131] [132] [133] [134] [135] [136] [137] [138] [139]

[140] [141] [142] [143] [144] [145] [146] [147] [148] [149] [150] [151]

[152] [153] [154] [155] [156] [157])

(C:\Users\diogo\AppData\Local\Programs\MiKTeX\fonts/source/jknappen/ec\exrleast

.mf

 Ok [158] [160] [161] [162] [163] [164] [165] [166] [167] [168] [169] [170]

[171] [172] [173] [174] [175] [176] [177] [178] [179] [180] [181] [182]

[183] [184] [185] [186] [187] [188])

(C:\Users\diogo\AppData\Local\Programs\MiKTeX\fonts/source/jknappen/ec\exbraces

.mf

 Ok [94] [126] [23] [40] [41] [60] [124] [62] [91] [93] [92] [123] [125]

[95] [127] [32])

(C:\Users\diogo\AppData\Local\Programs\MiKTeX\fonts/source/jknappen/ec\expunct.

mf

 Ok [14] [15] [19] [20] [13] [18] [33] [39] [42] [43] [44] [46] [47] [58]

[59] [61] [96] [189] [17] [45] [16] [21] [22])

(C:\Users\diogo\AppData\Local\Programs\MiKTeX\fonts/source/jknappen/ec\exaccent

.mf

 Ok [0] [1] [2] [3] [4] [5] [6] [7] [8] [9] [10] [11] [12])

(C:\Users\diogo\AppData\Local\Programs\MiKTeX\fonts/source/jknappen/ec\exsign.m

f

 Ok [24] [34] [35] [36] [37] [64] [191] [159])

(C:\Users\diogo\AppData\Local\Programs\MiKTeX\fonts/source/jknappen/ec\exrlig.m

f

 Ok [25] [26] [28] [27] [29] [30] [31])

(C:\Users\diogo\AppData\Local\Programs\MiKTeX\fonts/source/jknappen/ec\exromp.m

f

 Ok [38] [63] [190])

(C:\Users\diogo\AppData\Local\Programs\MiKTeX\fonts/source/jknappen/ec\exrulett

.mf

 Ok [65] [66] [67] [68] [69] [70] [71] [72] [73] [74] [75] [76] [77] [78]

[79] [80] [81] [82] [83] [84] [85] [86] [87] [88] [89] [90])

(C:\Users\diogo\AppData\Local\Programs\MiKTeX\fonts/source/jknappen/ec\exrllett

.mf

 Ok [97] [98] [99] [100] [101] [102] [103] [104] [105] [106] [107] [108]

[109] [110] [111] [112] [113] [114] [115] [116] [117] [118] [119] [120]

[121] [122])

(C:\Users\diogo\AppData\Local\Programs\MiKTeX\fonts/source/jknappen/ec\exrdigit

.mf

 Ok [48] [49] [50] [51] [52] [53] [54] [55] [56] [57])

(C:\Users\diogo\AppData\Local\Programs\MiKTeX\fonts/source/jknappen/ec\exrligtb

.mf

 Ok) ) ) )

(some charht values had to be adjusted by as much as 0.1171pt)

Font metrics written on ecrm2074.tfm.

Output written on ecrm2074.600gf (256 characters, 101464 bytes).

Transcript written on ecrm2074.log.

This is GFtoPK, Version 2.4 (MiKTeX 24.1)

'METAFONT output 2025.11.15:1249'

101464 bytes packed to 53736 bytes.


=== pdflatex pass 2 stdout ===
This is pdfTeX, Version 3.141592653-2.6-1.40.25 (MiKTeX 24.1) (preloaded format=pdflatex.fmt)
 restricted \write18 enabled.
entering extended mode
(sebenta_1-generalidades_funcoes.tex
LaTeX2e <2023-11-01> patch level 1
L3 programming layer <2024-01-04>
(C:\Users\diogo\AppData\Local\Programs\MiKTeX\tex/latex/base\article.cls
Document Class: article 2023/05/17 v1.4n Standard LaTeX document class
(C:\Users\diogo\AppData\Local\Programs\MiKTeX\tex/latex/base\size12.clo))
(C:\Users\diogo\AppData\Local\Programs\MiKTeX\tex/latex/base\inputenc.sty)
(C:\Users\diogo\AppData\Local\Programs\MiKTeX\tex/latex/base\fontenc.sty)
(C:\Users\diogo\AppData\Local\Programs\MiKTeX\tex/generic/babel\babel.sty
(C:\Users\diogo\AppData\Local\Programs\MiKTeX\tex/generic/babel\txtbabel.def)
*************************************
* Local config file bblopts.cfg used
*
(C:\Users\diogo\AppData\Local\Programs\MiKTeX\tex/latex/arabi\bblopts.cfg)
(C:\Users\diogo\AppData\Local\Programs\MiKTeX\tex/latex/babel-portuges\portugue
se.ldf))
(C:\Users\diogo\AppData\Local\Programs\MiKTeX\tex/generic/babel/locale/pt\babel
-portuguese.tex)
(C:\Users\diogo\AppData\Local\Programs\MiKTeX\tex/latex/amsmath\amsmath.sty
For additional information on amsmath, use the `?' option.
(C:\Users\diogo\AppData\Local\Programs\MiKTeX\tex/latex/amsmath\amstext.sty
(C:\Users\diogo\AppData\Local\Programs\MiKTeX\tex/latex/amsmath\amsgen.sty))
(C:\Users\diogo\AppData\Local\Programs\MiKTeX\tex/latex/amsmath\amsbsy.sty)
(C:\Users\diogo\AppData\Local\Programs\MiKTeX\tex/latex/amsmath\amsopn.sty))
(C:\Users\diogo\AppData\Local\Programs\MiKTeX\tex/latex/amsfonts\amssymb.sty
(C:\Users\diogo\AppData\Local\Programs\MiKTeX\tex/latex/amsfonts\amsfonts.sty))
 (C:\Users\diogo\AppData\Local\Programs\MiKTeX\tex/latex/geometry\geometry.sty
(C:\Users\diogo\AppData\Local\Programs\MiKTeX\tex/latex/graphics\keyval.sty)
(C:\Users\diogo\AppData\Local\Programs\MiKTeX\tex/generic/iftex\ifvtex.sty
(C:\Users\diogo\AppData\Local\Programs\MiKTeX\tex/generic/iftex\iftex.sty))
(C:\Users\diogo\AppData\Local\Programs\MiKTeX\tex/latex/geometry\geometry.cfg))

(C:\Users\diogo\AppData\Local\Programs\MiKTeX\tex/latex/l3backend\l3backend-pdf
tex.def) (sebenta_1-generalidades_funcoes.aux)
*geometry* driver: auto-detecting
*geometry* detected driver: pdftex
(C:\Users\diogo\AppData\Local\Programs\MiKTeX\tex/latex/amsfonts\umsa.fd)
(C:\Users\diogo\AppData\Local\Programs\MiKTeX\tex/latex/amsfonts\umsb.fd)

LaTeX Warning: No \author given.

(MAT_P4FUNCOE_1GEN_001.tex) [1{C:/Users/diogo/AppData/Local/MiKTeX/fonts/map/pd
ftex/pdftex.map}] (sebenta_1-generalidades_funcoes.aux) ) <C:\Users\diogo\AppDa
ta\Local\MiKTeX\fonts/pk/ljfour/jknappen/ec/dpi600\ecrm1200.pk> <C:\Users\diogo
\AppData\Local\MiKTeX\fonts/pk/ljfour/jknappen/ec/dpi600\ecbx1200.pk> <C:\Users
\diogo\AppData\Local\MiKTeX\fonts/pk/ljfour/jknappen/ec/dpi600\ecrm2074.pk>
Output written on sebenta_1-generalidades_funcoes.pdf (1 page, 20983 bytes).
Transcript written on sebenta_1-generalidades_funcoes.log.

=== pdflatex pass 2 stderr ===
